# JRE version: OpenJDK Runtime Environment (16.0.1+9) (build 16.0.1+9-24)
# Java VM: OpenJDK 64-Bit Server VM (16.0.1+9-24, mixed mode, tiered, compressed oops, compressed class ptrs, g1 gc, windows-amd64)
GC Precious Log:
 CPUs: 4 total, 4 available
 Memory: 6092M
 Large Page Support: Disabled
 NUMA Support: Disabled
 Compressed Oops: Enabled (32-bit)
 Heap Region Size: 1M
 Heap Min Capacity: 8M
 Heap Initial Capacity: 96M
 Heap Max Capacity: 1524M
 Pre-touch: Disabled
 Parallel Workers: 4
 Concurrent Workers: 1
 Concurrent Refinement Workers: 4
 Periodic GC: Disabled
Heap:
 garbage-first heap   total 109568K, used 48018K [0x00000000a0c00000, 0x0000000100000000)
  region size 1024K, 6 young (6144K), 6 survivors (6144K)
 Metaspace       used 83991K, committed 84480K, reserved 1122304K
  class space    used 11394K, committed 11648K, reserved 1048576K
GC Heap History (20 events):
Event: 10861.284 GC heap after
{Heap after GC invocations=51 (full 0):
 garbage-first heap   total 109568K, used 50022K [0x00000000a0c00000, 0x0000000100000000)
  region size 1024K, 3 young (3072K), 3 survivors (3072K)
 Metaspace       used 83384K, committed 83968K, reserved 1122304K
  class space    used 11349K, committed 11648K, reserved 1048576K
}
Event: 11761.353 GC heap before
{Heap before GC invocations=51 (full 0):
 garbage-first heap   total 109568K, used 93030K [0x00000000a0c00000, 0x0000000100000000)
  region size 1024K, 45 young (46080K), 3 survivors (3072K)
 Metaspace       used 83385K, committed 83968K, reserved 1122304K
  class space    used 11349K, committed 11648K, reserved 1048576K
}
Event: 11761.409 GC heap after
{Heap after GC invocations=52 (full 0):
 garbage-first heap   total 109568K, used 49858K [0x00000000a0c00000, 0x0000000100000000)
  region size 1024K, 3 young (3072K), 3 survivors (3072K)
 Metaspace       used 83385K, committed 83968K, reserved 1122304K
  class space    used 11349K, committed 11648K, reserved 1048576K
}
Event: 12594.987 GC heap before
{Heap before GC invocations=52 (full 0):
 garbage-first heap   total 109568K, used 92866K [0x00000000a0c00000, 0x0000000100000000)
  region size 1024K, 45 young (46080K), 3 survivors (3072K)
 Metaspace       used 83535K, committed 84096K, reserved 1122304K
  class space    used 11349K, committed 11648K, reserved 1048576K
}
Event: 12595.021 GC heap after
{Heap after GC invocations=53 (full 0):
 garbage-first heap   total 109568K, used 50170K [0x00000000a0c00000, 0x0000000100000000)
  region size 1024K, 3 young (3072K), 3 survivors (3072K)
 Metaspace       used 83535K, committed 84096K, reserved 1122304K
  class space    used 11349K, committed 11648K, reserved 1048576K
}
Event: 13494.494 GC heap before
{Heap before GC invocations=53 (full 0):
 garbage-first heap   total 109568K, used 93178K [0x00000000a0c00000, 0x0000000100000000)
  region size 1024K, 45 young (46080K), 3 survivors (3072K)
 Metaspace       used 83535K, committed 84096K, reserved 1122304K
  class space    used 11349K, committed 11648K, reserved 1048576K
}
Event: 13494.544 GC heap after
{Heap after GC invocations=54 (full 0):
 garbage-first heap   total 109568K, used 49938K [0x00000000a0c00000, 0x0000000100000000)
  region size 1024K, 3 young (3072K), 3 survivors (3072K)
 Metaspace       used 83535K, committed 84096K, reserved 1122304K
  class space    used 11349K, committed 11648K, reserved 1048576K
}
Event: 14322.265 GC heap before
{Heap before GC invocations=54 (full 0):
 garbage-first heap   total 109568K, used 93970K [0x00000000a0c00000, 0x0000000100000000)
  region size 1024K, 46 young (47104K), 3 survivors (3072K)
 Metaspace       used 83553K, committed 84096K, reserved 1122304K
  class space    used 11351K, committed 11648K, reserved 1048576K
}
Event: 14322.370 GC heap after
{Heap after GC invocations=55 (full 0):
 garbage-first heap   total 109568K, used 50328K [0x00000000a0c00000, 0x0000000100000000)
  region size 1024K, 3 young (3072K), 3 survivors (3072K)
 Metaspace       used 83553K, committed 84096K, reserved 1122304K
  class space    used 11351K, committed 11648K, reserved 1048576K
}
Event: 14442.366 GC heap before
{Heap before GC invocations=55 (full 0):
 garbage-first heap   total 109568K, used 59544K [0x00000000a0c00000, 0x0000000100000000)
  region size 1024K, 13 young (13312K), 3 survivors (3072K)
 Metaspace       used 83659K, committed 84160K, reserved 1122304K
  class space    used 11373K, committed 11648K, reserved 1048576K
}
Event: 14443.939 GC heap after
{Heap after GC invocations=56 (full 1):
 garbage-first heap   total 109568K, used 36321K [0x00000000a0c00000, 0x0000000100000000)
  region size 1024K, 0 young (0K), 0 survivors (0K)
 Metaspace       used 83422K, committed 84160K, reserved 1122304K
  class space    used 11325K, committed 11648K, reserved 1048576K
}
Event: 14453.495 GC heap before
{Heap before GC invocations=56 (full 1):
 garbage-first heap   total 109568K, used 92641K [0x00000000a0c00000, 0x0000000100000000)
  region size 1024K, 55 young (56320K), 0 survivors (0K)
 Metaspace       used 83655K, committed 84160K, reserved 1122304K
  class space    used 11366K, committed 11648K, reserved 1048576K
}
Event: 14453.528 GC heap after
{Heap after GC invocations=57 (full 1):
 garbage-first heap   total 109568K, used 40963K [0x00000000a0c00000, 0x0000000100000000)
  region size 1024K, 5 young (5120K), 5 survivors (5120K)
 Metaspace       used 83655K, committed 84160K, reserved 1122304K
  class space    used 11366K, committed 11648K, reserved 1048576K
}
Event: 14454.210 GC heap before
{Heap before GC invocations=57 (full 1):
 garbage-first heap   total 109568K, used 89091K [0x00000000a0c00000, 0x0000000100000000)
  region size 1024K, 53 young (54272K), 5 survivors (5120K)
 Metaspace       used 83687K, committed 84224K, reserved 1122304K
  class space    used 11370K, committed 11648K, reserved 1048576K
}
Event: 14454.225 GC heap after
{Heap after GC invocations=58 (full 1):
 garbage-first heap   total 109568K, used 43010K [0x00000000a0c00000, 0x0000000100000000)
  region size 1024K, 3 young (3072K), 3 survivors (3072K)
 Metaspace       used 83687K, committed 84224K, reserved 1122304K
  class space    used 11370K, committed 11648K, reserved 1048576K
}
Event: 14454.286 GC heap before
{Heap before GC invocations=58 (full 1):
 garbage-first heap   total 109568K, used 88066K [0x00000000a0c00000, 0x0000000100000000)
  region size 1024K, 48 young (49152K), 3 survivors (3072K)
 Metaspace       used 83687K, committed 84224K, reserved 1122304K
  class space    used 11370K, committed 11648K, reserved 1048576K
}
Event: 14454.288 GC heap after
{Heap after GC invocations=59 (full 1):
 garbage-first heap   total 109568K, used 42941K [0x00000000a0c00000, 0x0000000100000000)
  region size 1024K, 3 young (3072K), 3 survivors (3072K)
 Metaspace       used 83687K, committed 84224K, reserved 1122304K
  class space    used 11370K, committed 11648K, reserved 1048576K
}
Event: 14454.640 GC heap before
{Heap before GC invocations=59 (full 1):
 garbage-first heap   total 109568K, used 91069K [0x00000000a0c00000, 0x0000000100000000)
  region size 1024K, 49 young (50176K), 3 survivors (3072K)
 Metaspace       used 83890K, committed 84416K, reserved 1122304K
  class space    used 11388K, committed 11648K, reserved 1048576K
}
Event: 14454.645 GC heap after
{Heap after GC invocations=60 (full 1):
 garbage-first heap   total 109568K, used 45600K [0x00000000a0c00000, 0x0000000100000000)
  region size 1024K, 5 young (5120K), 5 survivors (5120K)
 Metaspace       used 83890K, committed 84416K, reserved 1122304K
  class space    used 11388K, committed 11648K, reserved 1048576K
}
Event: 14455.022 GC heap before
{Heap before GC invocations=60 (full 1):
 garbage-first heap   total 109568K, used 89632K [0x00000000a0c00000, 0x0000000100000000)
  region size 1024K, 48 young (49152K), 5 survivors (5120K)
 Metaspace       used 83991K, committed 84480K, reserved 1122304K
  class space    used 11394K, committed 11648K, reserved 1048576K
}

